2021-05-13 15:47:04,617 [Worker-5: Loading available Gradle versions] INFO  c.g.t.t.d.PublishedGradleVersions - Gradle version information cache is out-of-date. Trying to update.
2021-05-13 15:47:51,726 [Worker-5: Building workspace] INFO  o.e.m.c.i.l.LifecycleMappingFactory - Using org.eclipse.m2e.jdt.JarLifecycleMapping lifecycle mapping for MavenProject: com.sept.rest.webservices:restful-web-services:0.0.1-SNAPSHOT @ /Users/Vinesh/Documents/SEPTECH-3.0/restful-web-services/pom.xml.
2021-05-13 15:47:54,620 [Worker-5: Building workspace] INFO  o.e.m.c.i.embedder.EclipseLogger - Using 'UTF-8' encoding to copy filtered resources.
2021-05-13 15:47:54,632 [Worker-5: Building workspace] INFO  o.e.m.c.i.embedder.EclipseLogger - Copying 1 resource
2021-05-13 15:47:54,654 [Worker-5: Building workspace] INFO  o.e.m.c.i.embedder.EclipseLogger - Copying 0 resource
2021-05-13 15:47:54,658 [Worker-5: Building workspace] INFO  o.e.m.c.i.embedder.EclipseLogger - Using 'UTF-8' encoding to copy filtered resources.
2021-05-13 15:47:54,658 [Worker-5: Building workspace] INFO  o.e.m.c.i.embedder.EclipseLogger - skip non existing resourceDirectory /Users/Vinesh/Documents/SEPTECH-3.0/restful-web-services/src/test/resources
2021-05-13 15:47:56,254 [Worker-2: Updating Maven Dependencies] INFO  o.e.m.c.i.l.LifecycleMappingFactory - Using org.eclipse.m2e.jdt.JarLifecycleMapping lifecycle mapping for MavenProject: com.sept.rest.webservices:restful-web-services:0.0.1-SNAPSHOT @ /Users/Vinesh/Documents/SEPTECH-3.0/restful-web-services/pom.xml.
2021-05-13 15:47:58,266 [Worker-20: Building workspace] INFO  o.e.m.c.i.embedder.EclipseLogger - Using 'UTF-8' encoding to copy filtered resources.
2021-05-13 15:47:58,271 [Worker-20: Building workspace] INFO  o.e.m.c.i.embedder.EclipseLogger - Copying 1 resource
2021-05-13 15:47:58,276 [Worker-20: Building workspace] INFO  o.e.m.c.i.embedder.EclipseLogger - Copying 0 resource
2021-05-13 15:47:58,279 [Worker-20: Building workspace] INFO  o.e.m.c.i.embedder.EclipseLogger - Using 'UTF-8' encoding to copy filtered resources.
2021-05-13 15:47:58,279 [Worker-20: Building workspace] INFO  o.e.m.c.i.embedder.EclipseLogger - skip non existing resourceDirectory /Users/Vinesh/Documents/SEPTECH-3.0/restful-web-services/src/test/resources
2021-05-13 15:49:06,531 [main] INFO  o.e.m2e.actions.ExecutePomAction - Creating new launch configuration
2021-05-14 18:18:46,057 [Worker-75: Building workspace] INFO  o.e.m.c.i.embedder.EclipseLogger - Using 'UTF-8' encoding to copy filtered resources.
2021-05-14 18:18:46,058 [Worker-75: Building workspace] INFO  o.e.m.c.i.embedder.EclipseLogger - Copying 0 resource
2021-05-14 18:18:46,059 [Worker-75: Building workspace] INFO  o.e.m.c.i.embedder.EclipseLogger - Copying 0 resource
2021-05-14 18:18:46,062 [Worker-75: Building workspace] INFO  o.e.m.c.i.embedder.EclipseLogger - Using 'UTF-8' encoding to copy filtered resources.
2021-05-14 18:18:46,062 [Worker-75: Building workspace] INFO  o.e.m.c.i.embedder.EclipseLogger - skip non existing resourceDirectory /Users/Vinesh/Documents/SEPTECH-3.0/restful-web-services/src/test/resources
2021-05-14 18:53:57,759 [Worker-80: Building workspace] INFO  o.e.m.c.i.embedder.EclipseLogger - Using 'UTF-8' encoding to copy filtered resources.
2021-05-14 18:53:57,760 [Worker-80: Building workspace] INFO  o.e.m.c.i.embedder.EclipseLogger - Copying 1 resource
2021-05-14 18:53:57,763 [Worker-80: Building workspace] INFO  o.e.m.c.i.embedder.EclipseLogger - Copying 0 resource
2021-05-14 18:53:57,765 [Worker-80: Building workspace] INFO  o.e.m.c.i.embedder.EclipseLogger - Using 'UTF-8' encoding to copy filtered resources.
2021-05-14 18:53:57,765 [Worker-80: Building workspace] INFO  o.e.m.c.i.embedder.EclipseLogger - skip non existing resourceDirectory /Users/Vinesh/Documents/SEPTECH-3.0/restful-web-services/src/test/resources
2021-05-14 19:00:45,871 [Worker-81: Building workspace] INFO  o.e.m.c.i.embedder.EclipseLogger - Using 'UTF-8' encoding to copy filtered resources.
2021-05-14 19:00:45,872 [Worker-81: Building workspace] INFO  o.e.m.c.i.embedder.EclipseLogger - Copying 1 resource
2021-05-14 19:00:45,874 [Worker-81: Building workspace] INFO  o.e.m.c.i.embedder.EclipseLogger - Copying 0 resource
2021-05-14 19:00:45,878 [Worker-81: Building workspace] INFO  o.e.m.c.i.embedder.EclipseLogger - Using 'UTF-8' encoding to copy filtered resources.
2021-05-14 19:00:45,878 [Worker-81: Building workspace] INFO  o.e.m.c.i.embedder.EclipseLogger - skip non existing resourceDirectory /Users/Vinesh/Documents/SEPTECH-3.0/restful-web-services/src/test/resources
2021-05-14 19:17:40,233 [Worker-77: Building workspace] INFO  o.e.m.c.i.embedder.EclipseLogger - Using 'UTF-8' encoding to copy filtered resources.
2021-05-14 19:17:40,234 [Worker-77: Building workspace] INFO  o.e.m.c.i.embedder.EclipseLogger - Copying 1 resource
2021-05-14 19:17:40,237 [Worker-77: Building workspace] INFO  o.e.m.c.i.embedder.EclipseLogger - Copying 0 resource
2021-05-14 19:17:40,240 [Worker-77: Building workspace] INFO  o.e.m.c.i.embedder.EclipseLogger - Using 'UTF-8' encoding to copy filtered resources.
2021-05-14 19:17:40,240 [Worker-77: Building workspace] INFO  o.e.m.c.i.embedder.EclipseLogger - skip non existing resourceDirectory /Users/Vinesh/Documents/SEPTECH-3.0/restful-web-services/src/test/resources
2021-05-14 19:22:12,648 [Worker-80: Building workspace] INFO  o.e.m.c.i.embedder.EclipseLogger - Using 'UTF-8' encoding to copy filtered resources.
2021-05-14 19:22:12,649 [Worker-80: Building workspace] INFO  o.e.m.c.i.embedder.EclipseLogger - Copying 1 resource
2021-05-14 19:22:12,650 [Worker-80: Building workspace] INFO  o.e.m.c.i.embedder.EclipseLogger - Copying 0 resource
2021-05-14 19:22:12,654 [Worker-80: Building workspace] INFO  o.e.m.c.i.embedder.EclipseLogger - Using 'UTF-8' encoding to copy filtered resources.
2021-05-14 19:22:12,654 [Worker-80: Building workspace] INFO  o.e.m.c.i.embedder.EclipseLogger - skip non existing resourceDirectory /Users/Vinesh/Documents/SEPTECH-3.0/restful-web-services/src/test/resources
2021-05-14 19:22:32,810 [Worker-83: Building workspace] INFO  o.e.m.c.i.embedder.EclipseLogger - Using 'UTF-8' encoding to copy filtered resources.
2021-05-14 19:22:32,811 [Worker-83: Building workspace] INFO  o.e.m.c.i.embedder.EclipseLogger - Copying 1 resource
2021-05-14 19:22:32,812 [Worker-83: Building workspace] INFO  o.e.m.c.i.embedder.EclipseLogger - Copying 0 resource
2021-05-14 19:22:32,815 [Worker-83: Building workspace] INFO  o.e.m.c.i.embedder.EclipseLogger - Using 'UTF-8' encoding to copy filtered resources.
2021-05-14 19:22:32,815 [Worker-83: Building workspace] INFO  o.e.m.c.i.embedder.EclipseLogger - skip non existing resourceDirectory /Users/Vinesh/Documents/SEPTECH-3.0/restful-web-services/src/test/resources
2021-05-14 19:24:29,929 [Worker-85: Building workspace] INFO  o.e.m.c.i.embedder.EclipseLogger - Using 'UTF-8' encoding to copy filtered resources.
2021-05-14 19:24:29,929 [Worker-85: Building workspace] INFO  o.e.m.c.i.embedder.EclipseLogger - Copying 1 resource
2021-05-14 19:24:29,931 [Worker-85: Building workspace] INFO  o.e.m.c.i.embedder.EclipseLogger - Copying 0 resource
2021-05-14 19:24:29,932 [Worker-85: Building workspace] INFO  o.e.m.c.i.embedder.EclipseLogger - Using 'UTF-8' encoding to copy filtered resources.
2021-05-14 19:24:29,933 [Worker-85: Building workspace] INFO  o.e.m.c.i.embedder.EclipseLogger - skip non existing resourceDirectory /Users/Vinesh/Documents/SEPTECH-3.0/restful-web-services/src/test/resources
2021-05-14 19:35:36,933 [Worker-81: Resolving model org.eclipse.recommenders:index::zip:0.0.0] WARN  o.e.r.models.ModelRepository - Failed to download org.eclipse.recommenders:index::zip:0.0.0
org.eclipse.aether.resolution.ArtifactResolutionException: Could not find artifact org.eclipse.recommenders:index:zip:0.0.0-SNAPSHOT in models (http://download.eclipse.org/recommenders/models/photon/)
	at org.eclipse.aether.internal.impl.DefaultArtifactResolver.resolve(DefaultArtifactResolver.java:453) ~[na:na]
	at org.eclipse.aether.internal.impl.DefaultArtifactResolver.resolveArtifacts(DefaultArtifactResolver.java:255) ~[na:na]
	at org.eclipse.aether.internal.impl.DefaultArtifactResolver.resolveArtifact(DefaultArtifactResolver.java:232) ~[na:na]
	at org.eclipse.aether.internal.impl.DefaultRepositorySystem.resolveArtifact(DefaultRepositorySystem.java:303) ~[na:na]
	at org.eclipse.recommenders.models.ModelRepository.resolveInternal(ModelRepository.java:193) [org.eclipse.recommenders.models_2.5.3.v20180609-1554.jar:na]
	at org.eclipse.recommenders.models.ModelRepository.resolve(ModelRepository.java:172) [org.eclipse.recommenders.models_2.5.3.v20180609-1554.jar:na]
	at org.eclipse.recommenders.internal.models.rcp.EclipseModelRepository.resolve(EclipseModelRepository.java:168) [org.eclipse.recommenders.models.rcp_2.5.3.v20180609-1554.jar:na]
	at org.eclipse.recommenders.internal.models.rcp.DownloadModelArchiveJob.run(DownloadModelArchiveJob.java:76) [org.eclipse.recommenders.models.rcp_2.5.3.v20180609-1554.jar:na]
	at org.eclipse.core.internal.jobs.Worker.run(Worker.java:60) [org.eclipse.core.jobs_3.10.0.v20180427-1454.jar:na]
Caused by: org.eclipse.aether.transfer.ArtifactNotFoundException: Could not find artifact org.eclipse.recommenders:index:zip:0.0.0-SNAPSHOT in models (http://download.eclipse.org/recommenders/models/photon/)
	at org.eclipse.aether.connector.basic.ArtifactTransportListener.transferFailed(ArtifactTransportListener.java:48) ~[org.apache.maven.resolver.connector.basic_1.0.3.v20170405-0725.jar:1.0.3]
	at org.eclipse.aether.connector.basic.BasicRepositoryConnector$TaskRunner.run(BasicRepositoryConnector.java:364) ~[org.apache.maven.resolver.connector.basic_1.0.3.v20170405-0725.jar:1.0.3]
	at org.eclipse.aether.util.concurrency.RunnableErrorForwarder$1.run(RunnableErrorForwarder.java:76) ~[na:na]
	at org.eclipse.aether.connector.basic.BasicRepositoryConnector$DirectExecutor.execute(BasicRepositoryConnector.java:590) ~[org.apache.maven.resolver.connector.basic_1.0.3.v20170405-0725.jar:1.0.3]
	at org.eclipse.aether.connector.basic.BasicRepositoryConnector.get(BasicRepositoryConnector.java:258) ~[org.apache.maven.resolver.connector.basic_1.0.3.v20170405-0725.jar:1.0.3]
	at org.eclipse.aether.internal.impl.DefaultArtifactResolver.performDownloads(DefaultArtifactResolver.java:529) ~[na:na]
	at org.eclipse.aether.internal.impl.DefaultArtifactResolver.resolve(DefaultArtifactResolver.java:430) ~[na:na]
	... 8 common frames omitted
2021-05-14 19:36:08,026 [Worker-83: Building workspace] INFO  o.e.m.c.i.embedder.EclipseLogger - Using 'UTF-8' encoding to copy filtered resources.
2021-05-14 19:36:08,027 [Worker-83: Building workspace] INFO  o.e.m.c.i.embedder.EclipseLogger - Copying 1 resource
2021-05-14 19:36:08,028 [Worker-83: Building workspace] INFO  o.e.m.c.i.embedder.EclipseLogger - Copying 0 resource
2021-05-14 19:36:08,030 [Worker-83: Building workspace] INFO  o.e.m.c.i.embedder.EclipseLogger - Using 'UTF-8' encoding to copy filtered resources.
2021-05-14 19:36:08,030 [Worker-83: Building workspace] INFO  o.e.m.c.i.embedder.EclipseLogger - skip non existing resourceDirectory /Users/Vinesh/Documents/SEPTECH-3.0/restful-web-services/src/test/resources
2021-05-14 19:40:01,857 [Worker-77: Building workspace] INFO  o.e.m.c.i.embedder.EclipseLogger - Using 'UTF-8' encoding to copy filtered resources.
2021-05-14 19:40:01,857 [Worker-77: Building workspace] INFO  o.e.m.c.i.embedder.EclipseLogger - Copying 1 resource
2021-05-14 19:40:01,859 [Worker-77: Building workspace] INFO  o.e.m.c.i.embedder.EclipseLogger - Copying 0 resource
2021-05-14 19:40:01,861 [Worker-77: Building workspace] INFO  o.e.m.c.i.embedder.EclipseLogger - Using 'UTF-8' encoding to copy filtered resources.
2021-05-14 19:40:01,861 [Worker-77: Building workspace] INFO  o.e.m.c.i.embedder.EclipseLogger - skip non existing resourceDirectory /Users/Vinesh/Documents/SEPTECH-3.0/restful-web-services/src/test/resources
2021-05-14 19:50:06,512 [Worker-80: Building workspace] INFO  o.e.m.c.i.embedder.EclipseLogger - Using 'UTF-8' encoding to copy filtered resources.
2021-05-14 19:50:06,514 [Worker-80: Building workspace] INFO  o.e.m.c.i.embedder.EclipseLogger - Copying 1 resource
2021-05-14 19:50:06,518 [Worker-80: Building workspace] INFO  o.e.m.c.i.embedder.EclipseLogger - Copying 0 resource
2021-05-14 19:50:06,532 [Worker-80: Building workspace] INFO  o.e.m.c.i.embedder.EclipseLogger - Using 'UTF-8' encoding to copy filtered resources.
2021-05-14 19:50:06,533 [Worker-80: Building workspace] INFO  o.e.m.c.i.embedder.EclipseLogger - skip non existing resourceDirectory /Users/Vinesh/Documents/SEPTECH-3.0/restful-web-services/src/test/resources
2021-05-14 19:50:18,358 [Worker-77: Building workspace] INFO  o.e.m.c.i.embedder.EclipseLogger - Using 'UTF-8' encoding to copy filtered resources.
2021-05-14 19:50:18,359 [Worker-77: Building workspace] INFO  o.e.m.c.i.embedder.EclipseLogger - Copying 1 resource
2021-05-14 19:50:18,361 [Worker-77: Building workspace] INFO  o.e.m.c.i.embedder.EclipseLogger - Copying 0 resource
2021-05-14 19:50:18,364 [Worker-77: Building workspace] INFO  o.e.m.c.i.embedder.EclipseLogger - Using 'UTF-8' encoding to copy filtered resources.
2021-05-14 19:50:18,364 [Worker-77: Building workspace] INFO  o.e.m.c.i.embedder.EclipseLogger - skip non existing resourceDirectory /Users/Vinesh/Documents/SEPTECH-3.0/restful-web-services/src/test/resources
2021-05-14 19:53:09,968 [Worker-77: Building workspace] INFO  o.e.m.c.i.embedder.EclipseLogger - Using 'UTF-8' encoding to copy filtered resources.
2021-05-14 19:53:09,969 [Worker-77: Building workspace] INFO  o.e.m.c.i.embedder.EclipseLogger - Copying 1 resource
2021-05-14 19:53:09,971 [Worker-77: Building workspace] INFO  o.e.m.c.i.embedder.EclipseLogger - Copying 0 resource
2021-05-14 19:53:09,974 [Worker-77: Building workspace] INFO  o.e.m.c.i.embedder.EclipseLogger - Using 'UTF-8' encoding to copy filtered resources.
2021-05-14 19:53:09,974 [Worker-77: Building workspace] INFO  o.e.m.c.i.embedder.EclipseLogger - skip non existing resourceDirectory /Users/Vinesh/Documents/SEPTECH-3.0/restful-web-services/src/test/resources
2021-05-14 19:56:11,808 [Worker-91: Building workspace] INFO  o.e.m.c.i.embedder.EclipseLogger - Using 'UTF-8' encoding to copy filtered resources.
2021-05-14 19:56:11,809 [Worker-91: Building workspace] INFO  o.e.m.c.i.embedder.EclipseLogger - Copying 1 resource
2021-05-14 19:56:11,813 [Worker-91: Building workspace] INFO  o.e.m.c.i.embedder.EclipseLogger - Copying 0 resource
2021-05-14 19:56:11,816 [Worker-91: Building workspace] INFO  o.e.m.c.i.embedder.EclipseLogger - Using 'UTF-8' encoding to copy filtered resources.
2021-05-14 19:56:11,816 [Worker-91: Building workspace] INFO  o.e.m.c.i.embedder.EclipseLogger - skip non existing resourceDirectory /Users/Vinesh/Documents/SEPTECH-3.0/restful-web-services/src/test/resources
2021-05-14 21:58:29,199 [Worker-88: Building workspace] INFO  o.e.m.c.i.embedder.EclipseLogger - Using 'UTF-8' encoding to copy filtered resources.
2021-05-14 21:58:29,201 [Worker-88: Building workspace] INFO  o.e.m.c.i.embedder.EclipseLogger - Copying 1 resource
2021-05-14 21:58:29,203 [Worker-88: Building workspace] INFO  o.e.m.c.i.embedder.EclipseLogger - Copying 0 resource
2021-05-14 21:58:29,206 [Worker-88: Building workspace] INFO  o.e.m.c.i.embedder.EclipseLogger - Using 'UTF-8' encoding to copy filtered resources.
2021-05-14 21:58:29,206 [Worker-88: Building workspace] INFO  o.e.m.c.i.embedder.EclipseLogger - skip non existing resourceDirectory /Users/Vinesh/Documents/SEPTECH-3.0/restful-web-services/src/test/resources
2021-05-14 22:11:26,270 [Worker-5: Loading available Gradle versions] INFO  c.g.t.t.d.PublishedGradleVersions - Gradle version information cache is out-of-date. Trying to update.
2021-05-14 22:11:36,816 [Worker-23: Building workspace] INFO  o.e.m.c.i.l.LifecycleMappingFactory - Using org.eclipse.m2e.jdt.JarLifecycleMapping lifecycle mapping for MavenProject: com.sept.rest.webservices:restful-web-services:0.0.1-SNAPSHOT @ /Users/Vinesh/Documents/SEPTECH-3.0/restful-web-services/pom.xml.
2021-05-14 22:11:40,655 [Worker-23: Building workspace] INFO  o.e.m.c.i.embedder.EclipseLogger - Using 'UTF-8' encoding to copy filtered resources.
2021-05-14 22:11:40,665 [Worker-23: Building workspace] INFO  o.e.m.c.i.embedder.EclipseLogger - Copying 1 resource
2021-05-14 22:11:40,694 [Worker-23: Building workspace] INFO  o.e.m.c.i.embedder.EclipseLogger - Copying 0 resource
2021-05-14 22:11:40,699 [Worker-23: Building workspace] INFO  o.e.m.c.i.embedder.EclipseLogger - Using 'UTF-8' encoding to copy filtered resources.
2021-05-14 22:11:40,699 [Worker-23: Building workspace] INFO  o.e.m.c.i.embedder.EclipseLogger - skip non existing resourceDirectory /Users/Vinesh/Documents/SEPTECH-3.0/restful-web-services/src/test/resources
2021-05-14 22:11:42,445 [Worker-2: Updating Maven Dependencies] INFO  o.e.m.c.i.l.LifecycleMappingFactory - Using org.eclipse.m2e.jdt.JarLifecycleMapping lifecycle mapping for MavenProject: com.sept.rest.webservices:restful-web-services:0.0.1-SNAPSHOT @ /Users/Vinesh/Documents/SEPTECH-3.0/restful-web-services/pom.xml.
2021-05-14 22:11:44,905 [Worker-3: Building workspace] INFO  o.e.m.c.i.embedder.EclipseLogger - Using 'UTF-8' encoding to copy filtered resources.
2021-05-14 22:11:44,927 [Worker-3: Building workspace] INFO  o.e.m.c.i.embedder.EclipseLogger - Copying 0 resource
2021-05-14 22:11:44,927 [Worker-3: Building workspace] INFO  o.e.m.c.i.embedder.EclipseLogger - Copying 0 resource
2021-05-14 22:11:45,038 [Worker-3: Building workspace] INFO  o.e.m.c.i.embedder.EclipseLogger - Using 'UTF-8' encoding to copy filtered resources.
2021-05-14 22:11:45,050 [Worker-3: Building workspace] INFO  o.e.m.c.i.embedder.EclipseLogger - skip non existing resourceDirectory /Users/Vinesh/Documents/SEPTECH-3.0/restful-web-services/src/test/resources
2021-05-14 23:28:06,398 [Worker-34: Building workspace] INFO  o.e.m.c.i.embedder.EclipseLogger - Using 'UTF-8' encoding to copy filtered resources.
2021-05-14 23:28:06,402 [Worker-34: Building workspace] INFO  o.e.m.c.i.embedder.EclipseLogger - Copying 1 resource
2021-05-14 23:28:06,426 [Worker-34: Building workspace] INFO  o.e.m.c.i.embedder.EclipseLogger - Copying 0 resource
2021-05-14 23:28:06,429 [Worker-34: Building workspace] INFO  o.e.m.c.i.embedder.EclipseLogger - Using 'UTF-8' encoding to copy filtered resources.
2021-05-14 23:28:06,430 [Worker-34: Building workspace] INFO  o.e.m.c.i.embedder.EclipseLogger - skip non existing resourceDirectory /Users/Vinesh/Documents/SEPTECH-3.0/restful-web-services/src/test/resources
2021-05-15 00:23:51,845 [Worker-40: Building workspace] INFO  o.e.m.c.i.embedder.EclipseLogger - Using 'UTF-8' encoding to copy filtered resources.
2021-05-15 00:23:51,846 [Worker-40: Building workspace] INFO  o.e.m.c.i.embedder.EclipseLogger - Copying 1 resource
2021-05-15 00:23:51,848 [Worker-40: Building workspace] INFO  o.e.m.c.i.embedder.EclipseLogger - Copying 0 resource
2021-05-15 00:23:51,851 [Worker-40: Building workspace] INFO  o.e.m.c.i.embedder.EclipseLogger - Using 'UTF-8' encoding to copy filtered resources.
2021-05-15 00:23:51,851 [Worker-40: Building workspace] INFO  o.e.m.c.i.embedder.EclipseLogger - skip non existing resourceDirectory /Users/Vinesh/Documents/SEPTECH-3.0/restful-web-services/src/test/resources
